0 info it worked if it ends with ok
1 verbose cli [ '/usr/local/bin/node',
1 verbose cli   '/usr/local/bin/npm',
1 verbose cli   'install',
1 verbose cli   'django_tables2' ]
2 info using npm@1.3.24
3 info using node@v0.10.25
4 verbose cache add [ 'django_tables2', null ]
5 verbose cache add name=undefined spec="django_tables2" args=["django_tables2",null]
6 verbose parsed url { protocol: null,
6 verbose parsed url   slashes: null,
6 verbose parsed url   auth: null,
6 verbose parsed url   host: null,
6 verbose parsed url   port: null,
6 verbose parsed url   hostname: null,
6 verbose parsed url   hash: null,
6 verbose parsed url   search: null,
6 verbose parsed url   query: null,
6 verbose parsed url   pathname: 'django_tables2',
6 verbose parsed url   path: 'django_tables2',
6 verbose parsed url   href: 'django_tables2' }
7 silly lockFile 98e33e84-django-tables2 django_tables2
8 verbose lock django_tables2 /home/liushuangshuang/.npm/98e33e84-django-tables2.lock
9 silly lockFile 98e33e84-django-tables2 django_tables2
10 silly lockFile 98e33e84-django-tables2 django_tables2
11 verbose addNamed [ 'django_tables2', '' ]
12 verbose addNamed [ null, '*' ]
13 silly lockFile 546e39e2-django-tables2 django_tables2@
14 verbose lock django_tables2@ /home/liushuangshuang/.npm/546e39e2-django-tables2.lock
15 silly addNameRange { name: 'django_tables2', range: '*', hasData: false }
16 verbose url raw django_tables2
17 verbose url resolving [ 'https://registry.npmjs.org/', './django_tables2' ]
18 verbose url resolved https://registry.npmjs.org/django_tables2
19 info trying registry request attempt 1 at 19:16:24
20 http GET https://registry.npmjs.org/django_tables2
21 http 404 https://registry.npmjs.org/django_tables2
22 silly registry.get cb [ 404,
22 silly registry.get   { date: 'Thu, 19 Jun 2014 11:21:54 GMT',
22 silly registry.get     server: 'CouchDB/1.5.0 (Erlang OTP/R16B03)',
22 silly registry.get     'content-type': 'application/json',
22 silly registry.get     'cache-control': 'max-age=0',
22 silly registry.get     'content-length': '52',
22 silly registry.get     'accept-ranges': 'bytes',
22 silly registry.get     via: '1.1 varnish',
22 silly registry.get     age: '0',
22 silly registry.get     'x-served-by': 'cache-ty67-TYO',
22 silly registry.get     'x-cache': 'MISS',
22 silly registry.get     'x-cache-hits': '0',
22 silly registry.get     'x-timer': 'S1403176914.771090,VS0,VE178',
22 silly registry.get     'keep-alive': 'timeout=10, max=50',
22 silly registry.get     connection: 'Keep-Alive' } ]
23 silly lockFile 546e39e2-django-tables2 django_tables2@
24 silly lockFile 546e39e2-django-tables2 django_tables2@
25 error 404 'django_tables2' is not in the npm registry.
25 error 404 You should bug the author to publish it
25 error 404
25 error 404 Note that you can also install from a
25 error 404 tarball, folder, or http url, or git url.
26 error System Linux 2.6.32-220.el6.x86_64
27 error command "/usr/local/bin/node" "/usr/local/bin/npm" "install" "django_tables2"
28 error cwd /home/liushuangshuang/Hi-CR/backend
29 error node -v v0.10.25
30 error npm -v 1.3.24
31 error code E404
32 verbose exit [ 1, true ]
